[2024-09-01 18:02:56] [ ERROR] [GlobalExceptionHandler:18] No static resource favicon.ico.
[2024-09-02 09:32:37] [ ERROR] [GlobalExceptionHandler:18] No static resource favicon.ico.
[2024-09-02 09:32:47] [ ERROR] [GlobalExceptionHandler:18] No static resource favicon.ico.
[2024-09-02 09:32:48] [ ERROR] [GlobalExceptionHandler:18] No static resource favicon.ico.
[2024-09-02 09:32:48] [ ERROR] [GlobalExceptionHandler:18] No static resource favicon.ico.
[2024-09-02 09:32:48] [ ERROR] [GlobalExceptionHandler:18] No static resource favicon.ico.
[2024-09-02 09:33:10] [ ERROR] [GlobalExceptionHandler:18] No static resource favicon.ico.
[2024-09-02 09:34:00] [ ERROR] [GlobalExceptionHandler:18] No static resource favicon.ico.
[2024-09-02 09:39:04] [ ERROR] [GlobalExceptionHandler:18] No static resource favicon.ico.
[2024-09-02 09:40:16] [ ERROR] [GlobalExceptionHandler:18] org.hibernate.TransientPropertyValueException: object references an unsaved transient instance - save the transient instance before flushing : com.digitalhouse.odontologia.entity.Paciente.domicilio -> com.digitalhouse.odontologia.entity.Domicilio
[2024-09-02 10:07:52] [ ERROR] [GlobalExceptionHandler:18] No static resource favicon.ico.
[2024-09-02 10:07:55] [ ERROR] [GlobalExceptionHandler:18] No static resource favicon.ico.
[2024-09-02 10:07:55] [ ERROR] [GlobalExceptionHandler:18] No static resource favicon.ico.
[2024-09-02 10:08:29] [ ERROR] [GlobalExceptionHandler:18] org.hibernate.TransientPropertyValueException: object references an unsaved transient instance - save the transient instance before flushing : com.digitalhouse.odontologia.entity.Paciente.domicilio -> com.digitalhouse.odontologia.entity.Domicilio
[2024-09-02 10:09:49] [ ERROR] [GlobalExceptionHandler:18] No static resource favicon.ico.
[2024-09-02 10:10:09] [ ERROR] [GlobalExceptionHandler:18] No static resource favicon.ico.
[2024-09-02 10:10:21] [ ERROR] [GlobalExceptionHandler:18] No static resource favicon.ico.
[2024-09-02 10:10:21] [ ERROR] [GlobalExceptionHandler:18] No static resource favicon.ico.
[2024-09-02 10:10:21] [ ERROR] [GlobalExceptionHandler:18] No static resource favicon.ico.
[2024-09-02 10:10:22] [ ERROR] [GlobalExceptionHandler:18] No static resource favicon.ico.
[2024-09-02 10:28:56] [ ERROR] [GlobalExceptionHandler:18] No static resource favicon.ico.
[2024-09-02 10:28:59] [ ERROR] [GlobalExceptionHandler:18] No static resource favicon.ico.
[2024-09-02 11:00:17] [ ERROR] [GlobalExceptionHandler:18] No static resource favicon.ico.
[2024-09-02 11:00:18] [ ERROR] [GlobalExceptionHandler:18] No static resource favicon.ico.
[2024-09-02 11:00:18] [ ERROR] [GlobalExceptionHandler:18] No static resource favicon.ico.
[2024-09-02 11:00:18] [ ERROR] [GlobalExceptionHandler:18] No static resource favicon.ico.
[2024-09-02 11:00:18] [ ERROR] [GlobalExceptionHandler:18] No static resource favicon.ico.
[2024-09-02 11:00:30] [ ERROR] [GlobalExceptionHandler:18] could not execute statement [La columna "ID" no permite valores nulos (NULL)
NULL not allowed for column "ID"; SQL statement:
insert into odontologos (apellido,matricula,nombre,id) values (?,?,?,default) [23502-224]] [insert into odontologos (apellido,matricula,nombre,id) values (?,?,?,default)]; SQL [insert into odontologos (apellido,matricula,nombre,id) values (?,?,?,default)]; constraint [null]
[2024-09-02 11:01:55] [ ERROR] [GlobalExceptionHandler:18] No static resource favicon.ico.
[2024-09-02 11:02:50] [ ERROR] [GlobalExceptionHandler:18] No static resource favicon.ico.
[2024-09-02 11:03:56] [ ERROR] [GlobalExceptionHandler:18] No static resource favicon.ico.
[2024-09-02 11:04:59] [ ERROR] [GlobalExceptionHandler:18] No static resource favicon.ico.
[2024-09-02 11:07:54] [ ERROR] [GlobalExceptionHandler:18] No static resource favicon.ico.
[2024-09-02 11:16:03] [ ERROR] [GlobalExceptionHandler:18] No static resource static/diente.ico.
[2024-09-02 13:41:40] [ ERROR] [GlobalExceptionHandler:18] could not execute statement [La columna "ID" no permite valores nulos (NULL)
NULL not allowed for column "ID"; SQL statement:
insert into odontologos (apellido,matricula,nombre,id) values (?,?,?,default) [23502-224]] [insert into odontologos (apellido,matricula,nombre,id) values (?,?,?,default)]; SQL [insert into odontologos (apellido,matricula,nombre,id) values (?,?,?,default)]; constraint [null]
[2024-09-02 13:47:46] [ ERROR] [GlobalExceptionHandler:18] could not execute statement [La columna "ID" no permite valores nulos (NULL)
NULL not allowed for column "ID"; SQL statement:
insert into odontologos (apellido,matricula,nombre,id) values (?,?,?,default) [23502-224]] [insert into odontologos (apellido,matricula,nombre,id) values (?,?,?,default)]; SQL [insert into odontologos (apellido,matricula,nombre,id) values (?,?,?,default)]; constraint [null]
[2024-09-02 14:03:18] [ ERROR] [GlobalExceptionHandler:18] could not execute statement [La columna "ID" no permite valores nulos (NULL)
NULL not allowed for column "ID"; SQL statement:
insert into domicilios (calle,localidad,numero,paciente_id,provincia,id) values (?,?,?,?,?,default) [23502-224]] [insert into domicilios (calle,localidad,numero,paciente_id,provincia,id) values (?,?,?,?,?,default)]; SQL [insert into domicilios (calle,localidad,numero,paciente_id,provincia,id) values (?,?,?,?,?,default)]; constraint [null]
[2024-09-02 14:09:25] [ ERROR] [GlobalExceptionHandler:18] Could not write JSON: Document nesting depth (1001) exceeds the maximum allowed (1000, from `StreamWriteConstraints.getMaxNestingDepth()`)
[2024-09-02 14:09:31] [ ERROR] [GlobalExceptionHandler:18] Could not write JSON: Document nesting depth (1001) exceeds the maximum allowed (1000, from `StreamWriteConstraints.getMaxNestingDepth()`)
[2024-09-02 14:13:07] [ ERROR] [GlobalExceptionHandler:18] org.hibernate.TransientPropertyValueException: object references an unsaved transient instance - save the transient instance before flushing : com.digitalhouse.odontologia.entity.Domicilio.paciente -> com.digitalhouse.odontologia.entity.Paciente
[2024-09-02 14:15:36] [ ERROR] [GlobalExceptionHandler:18] Could not write JSON: Document nesting depth (1001) exceeds the maximum allowed (1000, from `StreamWriteConstraints.getMaxNestingDepth()`)
[2024-09-02 14:17:21] [ ERROR] [GlobalExceptionHandler:18] org.hibernate.TransientPropertyValueException: object references an unsaved transient instance - save the transient instance before flushing : com.digitalhouse.odontologia.entity.Domicilio.paciente -> com.digitalhouse.odontologia.entity.Paciente
[2024-09-02 14:17:49] [ ERROR] [GlobalExceptionHandler:18] org.hibernate.TransientPropertyValueException: object references an unsaved transient instance - save the transient instance before flushing : com.digitalhouse.odontologia.entity.Domicilio.paciente -> com.digitalhouse.odontologia.entity.Paciente
[2024-09-02 14:26:30] [ ERROR] [GlobalExceptionHandler:18] org.hibernate.TransientPropertyValueException: object references an unsaved transient instance - save the transient instance before flushing : com.digitalhouse.odontologia.entity.Domicilio.paciente -> com.digitalhouse.odontologia.entity.Paciente
[2024-09-02 14:37:18] [ ERROR] [GlobalExceptionHandler:18] org.hibernate.TransientPropertyValueException: object references an unsaved transient instance - save the transient instance before flushing : com.digitalhouse.odontologia.entity.Domicilio.paciente -> com.digitalhouse.odontologia.entity.Paciente
[2024-09-02 14:40:41] [ ERROR] [GlobalExceptionHandler:18] org.hibernate.TransientPropertyValueException: object references an unsaved transient instance - save the transient instance before flushing : com.digitalhouse.odontologia.entity.Domicilio.paciente -> com.digitalhouse.odontologia.entity.Paciente
[2024-09-02 14:48:24] [ ERROR] [GlobalExceptionHandler:18] org.hibernate.TransientPropertyValueException: object references an unsaved transient instance - save the transient instance before flushing : com.digitalhouse.odontologia.entity.Domicilio.paciente -> com.digitalhouse.odontologia.entity.Paciente
[2024-09-02 14:50:15] [ ERROR] [GlobalExceptionHandler:18] org.hibernate.TransientPropertyValueException: object references an unsaved transient instance - save the transient instance before flushing : com.digitalhouse.odontologia.entity.Domicilio.paciente -> com.digitalhouse.odontologia.entity.Paciente
[2024-09-02 14:52:10] [ ERROR] [GlobalExceptionHandler:18] org.hibernate.TransientPropertyValueException: object references an unsaved transient instance - save the transient instance before flushing : com.digitalhouse.odontologia.entity.Domicilio.paciente -> com.digitalhouse.odontologia.entity.Paciente
[2024-09-02 14:53:31] [ ERROR] [GlobalExceptionHandler:18] org.hibernate.TransientPropertyValueException: object references an unsaved transient instance - save the transient instance before flushing : com.digitalhouse.odontologia.entity.Domicilio.paciente -> com.digitalhouse.odontologia.entity.Paciente
[2024-09-02 14:55:31] [ ERROR] [GlobalExceptionHandler:18] org.hibernate.TransientPropertyValueException: object references an unsaved transient instance - save the transient instance before flushing : com.digitalhouse.odontologia.entity.Domicilio.paciente -> com.digitalhouse.odontologia.entity.Paciente
[2024-09-02 15:04:49] [ ERROR] [GlobalExceptionHandler:18] org.hibernate.TransientPropertyValueException: object references an unsaved transient instance - save the transient instance before flushing : com.digitalhouse.odontologia.entity.Domicilio.paciente -> com.digitalhouse.odontologia.entity.Paciente
[2024-09-02 15:05:56] [ ERROR] [GlobalExceptionHandler:18] Could not write JSON: Document nesting depth (1001) exceeds the maximum allowed (1000, from `StreamWriteConstraints.getMaxNestingDepth()`)
[2024-09-02 15:12:22] [ ERROR] [GlobalExceptionHandler:18] org.hibernate.TransientPropertyValueException: object references an unsaved transient instance - save the transient instance before flushing : com.digitalhouse.odontologia.entity.Domicilio.paciente -> com.digitalhouse.odontologia.entity.Paciente
[2024-09-02 15:13:43] [ ERROR] [GlobalExceptionHandler:18] Handler dispatch failed: java.lang.StackOverflowError
[2024-09-02 15:16:27] [ ERROR] [GlobalExceptionHandler:18] org.hibernate.TransientPropertyValueException: object references an unsaved transient instance - save the transient instance before flushing : com.digitalhouse.odontologia.entity.Domicilio.paciente -> com.digitalhouse.odontologia.entity.Paciente
[2024-09-02 15:17:18] [ ERROR] [GlobalExceptionHandler:18] org.hibernate.TransientPropertyValueException: object references an unsaved transient instance - save the transient instance before flushing : com.digitalhouse.odontologia.entity.Domicilio.paciente -> com.digitalhouse.odontologia.entity.Paciente
[2024-09-02 15:18:51] [ ERROR] [GlobalExceptionHandler:18] org.hibernate.TransientPropertyValueException: object references an unsaved transient instance - save the transient instance before flushing : com.digitalhouse.odontologia.entity.Domicilio.paciente -> com.digitalhouse.odontologia.entity.Paciente
[2024-09-02 15:21:15] [ ERROR] [GlobalExceptionHandler:18] org.hibernate.TransientPropertyValueException: object references an unsaved transient instance - save the transient instance before flushing : com.digitalhouse.odontologia.entity.Domicilio.paciente -> com.digitalhouse.odontologia.entity.Paciente
[2024-09-02 15:23:36] [ ERROR] [GlobalExceptionHandler:18] org.hibernate.TransientPropertyValueException: object references an unsaved transient instance - save the transient instance before flushing : com.digitalhouse.odontologia.entity.Domicilio.paciente -> com.digitalhouse.odontologia.entity.Paciente
[2024-09-03 19:36:42] [ ERROR] [GlobalExceptionHandler:18] org.hibernate.TransientPropertyValueException: object references an unsaved transient instance - save the transient instance before flushing : com.digitalhouse.odontologia.entity.Domicilio.paciente -> com.digitalhouse.odontologia.entity.Paciente
[2024-09-03 19:41:29] [ ERROR] [GlobalExceptionHandler:18] org.hibernate.TransientPropertyValueException: object references an unsaved transient instance - save the transient instance before flushing : com.digitalhouse.odontologia.entity.Paciente.domicilio -> com.digitalhouse.odontologia.entity.Domicilio
[2024-09-03 19:44:30] [ ERROR] [GlobalExceptionHandler:18] org.hibernate.TransientPropertyValueException: object references an unsaved transient instance - save the transient instance before flushing : com.digitalhouse.odontologia.entity.Domicilio.paciente -> com.digitalhouse.odontologia.entity.Paciente
[2024-09-03 19:46:29] [ ERROR] [GlobalExceptionHandler:18] Content-Type 'application/json;charset=UTF-8' is not supported
[2024-09-03 20:33:10] [ ERROR] [GlobalExceptionHandler:18] No static resource odontologo/id.
[2024-09-03 20:33:10] [ ERROR] [GlobalExceptionHandler:18] No static resource favicon.ico.
[2024-09-03 20:33:14] [ ERROR] [GlobalExceptionHandler:18] No static resource js/turnos.js.
[2024-09-03 20:42:05] [ ERROR] [GlobalExceptionHandler:18] No static resource api/turnos.
[2024-09-03 20:44:24] [ ERROR] [GlobalExceptionHandler:18] No static resource turnos.
[2024-09-03 20:57:24] [ ERROR] [GlobalExceptionHandler:18] No static resource turnos.
[2024-09-03 21:05:37] [ ERROR] [GlobalExceptionHandler:18] No static resource turnos/1.
[2024-09-03 21:05:41] [ ERROR] [GlobalExceptionHandler:18] Request method 'GET' is not supported
[2024-09-03 21:05:42] [ ERROR] [GlobalExceptionHandler:18] Request method 'GET' is not supported
[2024-09-03 21:09:06] [ ERROR] [GlobalExceptionHandler:18] No static resource turnos/1.
[2024-09-03 21:23:32] [ ERROR] [GlobalExceptionHandler:18] No static resource turnos/1.
[2024-09-03 21:23:38] [ ERROR] [GlobalExceptionHandler:18] No static resource turnos.
[2024-09-03 21:57:19] [ INFO ] [PacienteService:94] Pacientes: 
[2024-09-03 21:57:19] [ INFO ] [PacienteService:100] Paciente ID: 1, Domicilio ID: 4
[2024-09-03 21:58:10] [ INFO ] [PacienteService:29] Paciente guardado con ID: 2
[2024-09-03 21:58:10] [ INFO ] [PacienteService:31] Domicilio guardado con ID: 5
[2024-09-03 21:58:13] [ INFO ] [PacienteService:94] Pacientes: 
[2024-09-03 21:58:13] [ INFO ] [PacienteService:100] Paciente ID: 1, Domicilio ID: 4
[2024-09-03 21:58:13] [ INFO ] [PacienteService:100] Paciente ID: 2, Domicilio ID: 5
[2024-09-03 22:10:22] [ INFO ] [PacienteService:94] Pacientes: 
[2024-09-03 22:10:22] [ INFO ] [PacienteService:100] Paciente ID: 1, Domicilio ID: 4
[2024-09-03 22:10:22] [ INFO ] [PacienteService:100] Paciente ID: 2, Domicilio ID: 5
[2024-09-03 22:10:23] [ INFO ] [PacienteService:94] Pacientes: 
[2024-09-03 22:10:23] [ INFO ] [PacienteService:100] Paciente ID: 1, Domicilio ID: 4
[2024-09-03 22:10:23] [ INFO ] [PacienteService:100] Paciente ID: 2, Domicilio ID: 5
[2024-09-03 22:12:24] [ INFO ] [PacienteService:94] Pacientes: 
[2024-09-03 22:12:24] [ INFO ] [PacienteService:100] Paciente ID: 1, Domicilio ID: 4
[2024-09-03 22:12:24] [ INFO ] [PacienteService:100] Paciente ID: 2, Domicilio ID: 5
[2024-09-03 22:15:24] [ INFO ] [PacienteService:29] Paciente guardado con ID: 3
[2024-09-03 22:15:24] [ INFO ] [PacienteService:31] Domicilio guardado con ID: 6
[2024-09-03 22:15:27] [ INFO ] [PacienteService:94] Pacientes: 
[2024-09-03 22:15:27] [ INFO ] [PacienteService:100] Paciente ID: 1, Domicilio ID: 4
[2024-09-03 22:15:27] [ INFO ] [PacienteService:100] Paciente ID: 2, Domicilio ID: 5
[2024-09-03 22:15:27] [ INFO ] [PacienteService:100] Paciente ID: 3, Domicilio ID: 6
[2024-09-03 22:19:17] [ INFO ] [PacienteService:94] Pacientes: 
[2024-09-03 22:19:17] [ INFO ] [PacienteService:100] Paciente ID: 1, Domicilio ID: 4
[2024-09-03 22:19:17] [ INFO ] [PacienteService:100] Paciente ID: 2, Domicilio ID: 5
[2024-09-03 22:19:17] [ INFO ] [PacienteService:100] Paciente ID: 3, Domicilio ID: 6
[2024-09-03 22:20:20] [ INFO ] [PacienteService:29] Paciente guardado con ID: 4
[2024-09-03 22:20:20] [ INFO ] [PacienteService:31] Domicilio guardado con ID: 7
[2024-09-03 22:20:23] [ INFO ] [PacienteService:94] Pacientes: 
[2024-09-03 22:20:23] [ INFO ] [PacienteService:100] Paciente ID: 1, Domicilio ID: 4
[2024-09-03 22:20:23] [ INFO ] [PacienteService:100] Paciente ID: 2, Domicilio ID: 5
[2024-09-03 22:20:23] [ INFO ] [PacienteService:100] Paciente ID: 3, Domicilio ID: 6
[2024-09-03 22:20:23] [ INFO ] [PacienteService:100] Paciente ID: 4, Domicilio ID: 7
[2024-09-03 22:27:16] [ INFO ] [PacienteService:94] Pacientes: 
[2024-09-03 22:27:16] [ INFO ] [PacienteService:100] Paciente ID: 1, Domicilio ID: 4
[2024-09-03 22:27:16] [ INFO ] [PacienteService:100] Paciente ID: 2, Domicilio ID: 5
[2024-09-03 22:27:16] [ INFO ] [PacienteService:100] Paciente ID: 3, Domicilio ID: 6
[2024-09-03 22:27:16] [ INFO ] [PacienteService:100] Paciente ID: 4, Domicilio ID: 7
[2024-09-03 22:34:40] [ ERROR] [GlobalExceptionHandler:18] Failed to convert value of type 'java.lang.String' to required type 'java.lang.Long'; For input string: "undefined"
[2024-09-03 22:34:44] [ ERROR] [GlobalExceptionHandler:18] Failed to convert value of type 'java.lang.String' to required type 'java.lang.Long'; For input string: "undefined"
[2024-09-03 22:35:00] [ ERROR] [GlobalExceptionHandler:18] Failed to convert value of type 'java.lang.String' to required type 'java.lang.Long'; For input string: "undefined"
[2024-09-03 22:42:11] [ INFO ] [PacienteService:94] Pacientes: 
[2024-09-03 22:42:11] [ INFO ] [PacienteService:100] Paciente ID: 1, Domicilio ID: 4
[2024-09-03 22:42:11] [ INFO ] [PacienteService:100] Paciente ID: 2, Domicilio ID: 5
[2024-09-03 22:42:11] [ INFO ] [PacienteService:100] Paciente ID: 3, Domicilio ID: 6
[2024-09-03 22:42:11] [ INFO ] [PacienteService:100] Paciente ID: 4, Domicilio ID: 7
[2024-09-03 22:43:43] [ INFO ] [PacienteService:94] Pacientes: 
[2024-09-03 22:43:43] [ INFO ] [PacienteService:100] Paciente ID: 1, Domicilio ID: 4
[2024-09-03 22:43:43] [ INFO ] [PacienteService:100] Paciente ID: 2, Domicilio ID: 5
[2024-09-03 22:43:43] [ INFO ] [PacienteService:100] Paciente ID: 3, Domicilio ID: 6
[2024-09-03 22:43:43] [ INFO ] [PacienteService:100] Paciente ID: 4, Domicilio ID: 7
[2024-09-03 22:44:43] [ INFO ] [PacienteService:94] Pacientes: 
[2024-09-03 22:44:43] [ INFO ] [PacienteService:100] Paciente ID: 1, Domicilio ID: 4
[2024-09-03 22:44:43] [ INFO ] [PacienteService:100] Paciente ID: 2, Domicilio ID: 5
[2024-09-03 22:44:43] [ INFO ] [PacienteService:100] Paciente ID: 3, Domicilio ID: 6
[2024-09-03 22:44:43] [ INFO ] [PacienteService:100] Paciente ID: 4, Domicilio ID: 7
[2024-09-03 22:54:04] [ INFO ] [PacienteService:94] Pacientes: 
[2024-09-03 22:54:04] [ INFO ] [PacienteService:100] Paciente ID: 1, Domicilio ID: 4
[2024-09-03 22:54:04] [ INFO ] [PacienteService:100] Paciente ID: 2, Domicilio ID: 5
[2024-09-03 22:54:04] [ INFO ] [PacienteService:100] Paciente ID: 3, Domicilio ID: 6
[2024-09-03 22:54:04] [ INFO ] [PacienteService:100] Paciente ID: 4, Domicilio ID: 7
[2024-09-03 22:56:28] [ INFO ] [PacienteService:94] Pacientes: 
[2024-09-03 22:56:28] [ INFO ] [PacienteService:100] Paciente ID: 1, Domicilio ID: 1
[2024-09-03 22:56:28] [ INFO ] [PacienteService:100] Paciente ID: 2, Domicilio ID: 2
[2024-09-03 22:56:28] [ INFO ] [PacienteService:100] Paciente ID: 4, Domicilio ID: 4
[2024-09-03 22:56:28] [ INFO ] [PacienteService:100] Paciente ID: 5, Domicilio ID: 5
[2024-09-03 22:56:28] [ INFO ] [PacienteService:100] Paciente ID: 6, Domicilio ID: 6
[2024-09-03 22:56:30] [ INFO ] [PacienteService:94] Pacientes: 
[2024-09-03 22:56:30] [ INFO ] [PacienteService:100] Paciente ID: 1, Domicilio ID: 1
[2024-09-03 22:56:30] [ INFO ] [PacienteService:100] Paciente ID: 2, Domicilio ID: 2
[2024-09-03 22:56:30] [ INFO ] [PacienteService:100] Paciente ID: 4, Domicilio ID: 4
[2024-09-03 22:56:30] [ INFO ] [PacienteService:100] Paciente ID: 5, Domicilio ID: 5
[2024-09-03 22:56:30] [ INFO ] [PacienteService:100] Paciente ID: 6, Domicilio ID: 6
[2024-09-03 22:56:32] [ INFO ] [PacienteService:94] Pacientes: 
[2024-09-03 22:56:32] [ INFO ] [PacienteService:100] Paciente ID: 1, Domicilio ID: 1
[2024-09-03 22:56:32] [ INFO ] [PacienteService:100] Paciente ID: 2, Domicilio ID: 2
[2024-09-03 22:56:32] [ INFO ] [PacienteService:100] Paciente ID: 4, Domicilio ID: 4
[2024-09-03 22:56:32] [ INFO ] [PacienteService:100] Paciente ID: 5, Domicilio ID: 5
[2024-09-03 22:56:32] [ INFO ] [PacienteService:100] Paciente ID: 6, Domicilio ID: 6
[2024-09-03 22:56:36] [ INFO ] [PacienteService:94] Pacientes: 
[2024-09-03 22:56:36] [ INFO ] [PacienteService:100] Paciente ID: 1, Domicilio ID: 1
[2024-09-03 22:56:36] [ INFO ] [PacienteService:100] Paciente ID: 2, Domicilio ID: 2
[2024-09-03 22:56:36] [ INFO ] [PacienteService:100] Paciente ID: 4, Domicilio ID: 4
[2024-09-03 22:56:36] [ INFO ] [PacienteService:100] Paciente ID: 5, Domicilio ID: 5
[2024-09-03 22:56:36] [ INFO ] [PacienteService:100] Paciente ID: 6, Domicilio ID: 6
